<?xml version="1.0" encoding="UTF-8"?>
<!-- Generated by org.testng.reporters.JUnitXMLReporter -->
<testsuite ignored="0" hostname="LAPTOP-0PAA5I9T" failures="2" tests="2" name="Default test" time="22.194" errors="0" timestamp="2023-10-23T08:54:04 EDT">
  <testcase classname="io.cucumber.testng.AbstractTestNGCucumberTests" name="runScenario" time="10.997">
    <failure type="java.lang.NullPointerException" message="Cannot invoke &amp;quot;bgacademy.pageobjects.LandingPage.loginApplication(String, String)&amp;quot; because &amp;quot;this.landingPage&amp;quot; is null">
      <![CDATA[java.lang.NullPointerException: Cannot invoke "bgacademy.pageobjects.LandingPage.loginApplication(String, String)" because "this.landingPage" is null
at stepDefinitions.StepDefinitionImpl.logged_in_username_and_password(StepDefinitionImpl.java:35)
at ✽.Logged in with username rahulshetty@gmail.com and password IamKing@0(file:///C:/Users/burha/eclipse-workspace/SeleniumFrameworkDesign/src/test/java/cucumber/ErrorValidations.feature:9)
]]>
    </failure>
  </testcase> <!-- runScenario -->
  <testcase classname="io.cucumber.testng.AbstractTestNGCucumberTests" name="runScenario" time="8.801">
    <failure type="java.lang.NullPointerException" message="Cannot invoke &amp;quot;bgacademy.pageobjects.LandingPage.loginApplication(String, String)&amp;quot; because &amp;quot;this.landingPage&amp;quot; is null">
      <![CDATA[java.lang.NullPointerException: Cannot invoke "bgacademy.pageobjects.LandingPage.loginApplication(String, String)" because "this.landingPage" is null
at stepDefinitions.StepDefinitionImpl.logged_in_username_and_password(StepDefinitionImpl.java:35)
at ✽.Logged in with username rahulshetty@gmail.com and password IamKing@000(file:///C:/Users/burha/eclipse-workspace/SeleniumFrameworkDesign/src/test/java/cucumber/SubmitOrder.feature:12)
]]>
    </failure>
  </testcase> <!-- runScenario -->
</testsuite> <!-- Default test -->
